Begin time of network-node-install:
2014年 10月 05日 星期日 20:45:20 CST
NETWORK_API_CLASS = nova-network
正在读取软件包列表...
正在分析软件包的依赖关系树...
正在读取状态信息...
下列软件包是自动安装的并且现在不需要了：
  alembic openvswitch-common openvswitch-switch python-jsonrpclib python-mako
  python-neutron python-novaclient
Use 'apt-get autoremove' to remove them.
建议安装的软件包：
  radvd
下列【新】软件包将被安装：
  nova-api-metadata nova-network
升级了 0 个软件包，新安装了 2 个软件包，要卸载 0 个软件包，有 0 个软件包未被升级。
需要下载 0 B/11.1 kB 的软件包。
解压缩后会消耗掉 817 kB 的额外空间。
Selecting previously unselected package nova-api-metadata.
(正在读取数据库 ... 系统当前共安装有 105030 个文件和目录。)
Preparing to unpack .../nova-api-metadata_1%3a2014.1.2-0ubuntu1.1_all.deb ...
Unpacking nova-api-metadata (1:2014.1.2-0ubuntu1.1) ...
Selecting previously unselected package nova-network.
Preparing to unpack .../nova-network_1%3a2014.1.2-0ubuntu1.1_all.deb ...
Unpacking nova-network (1:2014.1.2-0ubuntu1.1) ...
Processing triggers for man-db (2.6.7.1-1) ...
Processing triggers for ureadahead (0.100.0-16) ...
ureadahead will be reprofiled on next reboot
正在设置 nova-api-metadata (1:2014.1.2-0ubuntu1.1) ...
nova-api-metadata start/running, process 2987
正在设置 nova-network (1:2014.1.2-0ubuntu1.1) ...
nova-network start/running, process 3029
End time of network-node-install:
2014年 10月 05日 星期日 20:45:26 CST
